<?xml version="1.0" encoding="UTF-8"?>
<testsuite xmlns:xsi="http://www.w3.org/2001/XMLSchema-instance" xsi:noNamespaceSchemaLocation="https://maven.apache.org/surefire/maven-surefire-plugin/xsd/surefire-test-report-3.0.xsd" version="3.0" name="calculator.CalculatorTest" time="0.198" tests="16" errors="0" skipped="0" failures="0">
  <properties>
    <property name="java.specification.version" value="17"/>
    <property name="sun.cpu.isalist" value="amd64"/>
    <property name="sun.jnu.encoding" value="Cp1250"/>
    <property name="java.class.path" value="J:\Desktop\testowanie\target\test-classes;J:\Desktop\testowanie\target\classes;J:\.m2\repository\junit\junit\4.12\junit-4.12.jar;J:\.m2\repository\org\hamcrest\hamcrest-core\1.3\hamcrest-core-1.3.jar;J:\.m2\repository\org\jacoco\jacoco-maven-plugin\0.8.6\jacoco-maven-plugin-0.8.6.jar;J:\.m2\repository\org\apache\maven\maven-plugin-api\3.0\maven-plugin-api-3.0.jar;J:\.m2\repository\org\apache\maven\maven-model\3.0\maven-model-3.0.jar;J:\.m2\repository\org\apache\maven\maven-artifact\3.0\maven-artifact-3.0.jar;J:\.m2\repository\org\sonatype\sisu\sisu-inject-plexus\1.4.2\sisu-inject-plexus-1.4.2.jar;J:\.m2\repository\org\sonatype\sisu\sisu-inject-bean\1.4.2\sisu-inject-bean-1.4.2.jar;J:\.m2\repository\org\sonatype\sisu\sisu-guice\2.1.7\sisu-guice-2.1.7-noaop.jar;J:\.m2\repository\org\apache\maven\maven-core\3.0\maven-core-3.0.jar;J:\.m2\repository\org\apache\maven\maven-settings\3.0\maven-settings-3.0.jar;J:\.m2\repository\org\apache\maven\maven-settings-builder\3.0\maven-settings-builder-3.0.jar;J:\.m2\repository\org\apache\maven\maven-repository-metadata\3.0\maven-repository-metadata-3.0.jar;J:\.m2\repository\org\apache\maven\maven-model-builder\3.0\maven-model-builder-3.0.jar;J:\.m2\repository\org\apache\maven\maven-aether-provider\3.0\maven-aether-provider-3.0.jar;J:\.m2\repository\org\sonatype\aether\aether-impl\1.7\aether-impl-1.7.jar;J:\.m2\repository\org\sonatype\aether\aether-spi\1.7\aether-spi-1.7.jar;J:\.m2\repository\org\sonatype\aether\aether-api\1.7\aether-api-1.7.jar;J:\.m2\repository\org\sonatype\aether\aether-util\1.7\aether-util-1.7.jar;J:\.m2\repository\org\codehaus\plexus\plexus-interpolation\1.14\plexus-interpolation-1.14.jar;J:\.m2\repository\org\codehaus\plexus\plexus-classworlds\2.2.3\plexus-classworlds-2.2.3.jar;J:\.m2\repository\org\codehaus\plexus\plexus-component-annotations\1.5.5\plexus-component-annotations-1.5.5.jar;J:\.m2\repository\org\sonatype\plexus\plexus-sec-dispatcher\1.3\plexus-sec-dispatcher-1.3.jar;J:\.m2\repository\org\sonatype\plexus\plexus-cipher\1.4\plexus-cipher-1.4.jar;J:\.m2\repository\org\codehaus\plexus\plexus-utils\3.0.22\plexus-utils-3.0.22.jar;J:\.m2\repository\org\apache\maven\shared\file-management\1.2.1\file-management-1.2.1.jar;J:\.m2\repository\org\apache\maven\shared\maven-shared-io\1.1\maven-shared-io-1.1.jar;J:\.m2\repository\org\apache\maven\maven-artifact-manager\2.0.2\maven-artifact-manager-2.0.2.jar;J:\.m2\repository\org\apache\maven\wagon\wagon-provider-api\1.0-alpha-6\wagon-provider-api-1.0-alpha-6.jar;J:\.m2\repository\org\codehaus\plexus\plexus-container-default\1.0-alpha-9\plexus-container-default-1.0-alpha-9.jar;J:\.m2\repository\classworlds\classworlds\1.1-alpha-2\classworlds-1.1-alpha-2.jar;J:\.m2\repository\org\apache\maven\reporting\maven-reporting-api\3.0\maven-reporting-api-3.0.jar;J:\.m2\repository\org\apache\maven\doxia\doxia-sink-api\1.0\doxia-sink-api-1.0.jar;J:\.m2\repository\org\apache\maven\reporting\maven-reporting-impl\2.1\maven-reporting-impl-2.1.jar;J:\.m2\repository\org\apache\maven\maven-project\2.0.10\maven-project-2.0.10.jar;J:\.m2\repository\org\apache\maven\maven-profile\2.0.10\maven-profile-2.0.10.jar;J:\.m2\repository\org\apache\maven\maven-plugin-registry\2.0.10\maven-plugin-registry-2.0.10.jar;J:\.m2\repository\org\apache\maven\doxia\doxia-core\1.1.2\doxia-core-1.1.2.jar;J:\.m2\repository\org\apache\maven\doxia\doxia-logging-api\1.1.2\doxia-logging-api-1.1.2.jar;J:\.m2\repository\xerces\xercesImpl\2.8.1\xercesImpl-2.8.1.jar;J:\.m2\repository\commons-lang\commons-lang\2.4\commons-lang-2.4.jar;J:\.m2\repository\commons-httpclient\commons-httpclient\3.1\commons-httpclient-3.1.jar;J:\.m2\repository\commons-codec\commons-codec\1.2\commons-codec-1.2.jar;J:\.m2\repository\org\apache\maven\doxia\doxia-site-renderer\1.1.2\doxia-site-renderer-1.1.2.jar;J:\.m2\repository\org\apache\maven\doxia\doxia-decoration-model\1.1.2\doxia-decoration-model-1.1.2.jar;J:\.m2\repository\org\apache\maven\doxia\doxia-module-xhtml\1.1.2\doxia-module-xhtml-1.1.2.jar;J:\.m2\repository\org\apache\maven\doxia\doxia-module-fml\1.1.2\doxia-module-fml-1.1.2.jar;J:\.m2\repository\org\codehaus\plexus\plexus-i18n\1.0-beta-7\plexus-i18n-1.0-beta-7.jar;J:\.m2\repository\org\codehaus\plexus\plexus-velocity\1.1.7\plexus-velocity-1.1.7.jar;J:\.m2\repository\org\apache\velocity\velocity\1.5\velocity-1.5.jar;J:\.m2\repository\commons-collections\commons-collections\3.2\commons-collections-3.2.jar;J:\.m2\repository\commons-validator\commons-validator\1.2.0\commons-validator-1.2.0.jar;J:\.m2\repository\commons-beanutils\commons-beanutils\1.7.0\commons-beanutils-1.7.0.jar;J:\.m2\repository\commons-digester\commons-digester\1.6\commons-digester-1.6.jar;J:\.m2\repository\commons-logging\commons-logging\1.0.4\commons-logging-1.0.4.jar;J:\.m2\repository\oro\oro\2.0.8\oro-2.0.8.jar;J:\.m2\repository\xml-apis\xml-apis\1.0.b2\xml-apis-1.0.b2.jar;J:\.m2\repository\org\jacoco\org.jacoco.agent\0.8.6\org.jacoco.agent-0.8.6-runtime.jar;J:\.m2\repository\org\jacoco\org.jacoco.core\0.8.6\org.jacoco.core-0.8.6.jar;J:\.m2\repository\org\ow2\asm\asm\8.0.1\asm-8.0.1.jar;J:\.m2\repository\org\ow2\asm\asm-commons\8.0.1\asm-commons-8.0.1.jar;J:\.m2\repository\org\ow2\asm\asm-analysis\8.0.1\asm-analysis-8.0.1.jar;J:\.m2\repository\org\ow2\asm\asm-tree\8.0.1\asm-tree-8.0.1.jar;J:\.m2\repository\org\jacoco\org.jacoco.report\0.8.6\org.jacoco.report-0.8.6.jar;"/>
    <property name="java.vm.vendor" value="Amazon.com Inc."/>
    <property name="sun.arch.data.model" value="64"/>
    <property name="user.variant" value=""/>
    <property name="java.vendor.url" value="https://aws.amazon.com/corretto/"/>
    <property name="user.timezone" value="Europe/Warsaw"/>
    <property name="os.name" value="Windows Server 2019"/>
    <property name="java.vm.specification.version" value="17"/>
    <property name="sun.java.launcher" value="SUN_STANDARD"/>
    <property name="user.country" value="PL"/>
    <property name="sun.boot.library.path" value="J:\.jdks\corretto-17.0.8.1\bin"/>
    <property name="sun.java.command" value="C:\Users\s481879.LABS\AppData\Local\temp\14\surefire1297924291457112622\surefirebooter-20240627111458675_3.jar C:\Users\s481879.LABS\AppData\Local\temp\14\surefire1297924291457112622 2024-06-27T11-14-58_255-jvmRun1 surefire-20240627111458675_1tmp surefire_0-20240627111458675_2tmp"/>
    <property name="jdk.debug" value="release"/>
    <property name="surefire.test.class.path" value="J:\Desktop\testowanie\target\test-classes;J:\Desktop\testowanie\target\classes;J:\.m2\repository\junit\junit\4.12\junit-4.12.jar;J:\.m2\repository\org\hamcrest\hamcrest-core\1.3\hamcrest-core-1.3.jar;J:\.m2\repository\org\jacoco\jacoco-maven-plugin\0.8.6\jacoco-maven-plugin-0.8.6.jar;J:\.m2\repository\org\apache\maven\maven-plugin-api\3.0\maven-plugin-api-3.0.jar;J:\.m2\repository\org\apache\maven\maven-model\3.0\maven-model-3.0.jar;J:\.m2\repository\org\apache\maven\maven-artifact\3.0\maven-artifact-3.0.jar;J:\.m2\repository\org\sonatype\sisu\sisu-inject-plexus\1.4.2\sisu-inject-plexus-1.4.2.jar;J:\.m2\repository\org\sonatype\sisu\sisu-inject-bean\1.4.2\sisu-inject-bean-1.4.2.jar;J:\.m2\repository\org\sonatype\sisu\sisu-guice\2.1.7\sisu-guice-2.1.7-noaop.jar;J:\.m2\repository\org\apache\maven\maven-core\3.0\maven-core-3.0.jar;J:\.m2\repository\org\apache\maven\maven-settings\3.0\maven-settings-3.0.jar;J:\.m2\repository\org\apache\maven\maven-settings-builder\3.0\maven-settings-builder-3.0.jar;J:\.m2\repository\org\apache\maven\maven-repository-metadata\3.0\maven-repository-metadata-3.0.jar;J:\.m2\repository\org\apache\maven\maven-model-builder\3.0\maven-model-builder-3.0.jar;J:\.m2\repository\org\apache\maven\maven-aether-provider\3.0\maven-aether-provider-3.0.jar;J:\.m2\repository\org\sonatype\aether\aether-impl\1.7\aether-impl-1.7.jar;J:\.m2\repository\org\sonatype\aether\aether-spi\1.7\aether-spi-1.7.jar;J:\.m2\repository\org\sonatype\aether\aether-api\1.7\aether-api-1.7.jar;J:\.m2\repository\org\sonatype\aether\aether-util\1.7\aether-util-1.7.jar;J:\.m2\repository\org\codehaus\plexus\plexus-interpolation\1.14\plexus-interpolation-1.14.jar;J:\.m2\repository\org\codehaus\plexus\plexus-classworlds\2.2.3\plexus-classworlds-2.2.3.jar;J:\.m2\repository\org\codehaus\plexus\plexus-component-annotations\1.5.5\plexus-component-annotations-1.5.5.jar;J:\.m2\repository\org\sonatype\plexus\plexus-sec-dispatcher\1.3\plexus-sec-dispatcher-1.3.jar;J:\.m2\repository\org\sonatype\plexus\plexus-cipher\1.4\plexus-cipher-1.4.jar;J:\.m2\repository\org\codehaus\plexus\plexus-utils\3.0.22\plexus-utils-3.0.22.jar;J:\.m2\repository\org\apache\maven\shared\file-management\1.2.1\file-management-1.2.1.jar;J:\.m2\repository\org\apache\maven\shared\maven-shared-io\1.1\maven-shared-io-1.1.jar;J:\.m2\repository\org\apache\maven\maven-artifact-manager\2.0.2\maven-artifact-manager-2.0.2.jar;J:\.m2\repository\org\apache\maven\wagon\wagon-provider-api\1.0-alpha-6\wagon-provider-api-1.0-alpha-6.jar;J:\.m2\repository\org\codehaus\plexus\plexus-container-default\1.0-alpha-9\plexus-container-default-1.0-alpha-9.jar;J:\.m2\repository\classworlds\classworlds\1.1-alpha-2\classworlds-1.1-alpha-2.jar;J:\.m2\repository\org\apache\maven\reporting\maven-reporting-api\3.0\maven-reporting-api-3.0.jar;J:\.m2\repository\org\apache\maven\doxia\doxia-sink-api\1.0\doxia-sink-api-1.0.jar;J:\.m2\repository\org\apache\maven\reporting\maven-reporting-impl\2.1\maven-reporting-impl-2.1.jar;J:\.m2\repository\org\apache\maven\maven-project\2.0.10\maven-project-2.0.10.jar;J:\.m2\repository\org\apache\maven\maven-profile\2.0.10\maven-profile-2.0.10.jar;J:\.m2\repository\org\apache\maven\maven-plugin-registry\2.0.10\maven-plugin-registry-2.0.10.jar;J:\.m2\repository\org\apache\maven\doxia\doxia-core\1.1.2\doxia-core-1.1.2.jar;J:\.m2\repository\org\apache\maven\doxia\doxia-logging-api\1.1.2\doxia-logging-api-1.1.2.jar;J:\.m2\repository\xerces\xercesImpl\2.8.1\xercesImpl-2.8.1.jar;J:\.m2\repository\commons-lang\commons-lang\2.4\commons-lang-2.4.jar;J:\.m2\repository\commons-httpclient\commons-httpclient\3.1\commons-httpclient-3.1.jar;J:\.m2\repository\commons-codec\commons-codec\1.2\commons-codec-1.2.jar;J:\.m2\repository\org\apache\maven\doxia\doxia-site-renderer\1.1.2\doxia-site-renderer-1.1.2.jar;J:\.m2\repository\org\apache\maven\doxia\doxia-decoration-model\1.1.2\doxia-decoration-model-1.1.2.jar;J:\.m2\repository\org\apache\maven\doxia\doxia-module-xhtml\1.1.2\doxia-module-xhtml-1.1.2.jar;J:\.m2\repository\org\apache\maven\doxia\doxia-module-fml\1.1.2\doxia-module-fml-1.1.2.jar;J:\.m2\repository\org\codehaus\plexus\plexus-i18n\1.0-beta-7\plexus-i18n-1.0-beta-7.jar;J:\.m2\repository\org\codehaus\plexus\plexus-velocity\1.1.7\plexus-velocity-1.1.7.jar;J:\.m2\repository\org\apache\velocity\velocity\1.5\velocity-1.5.jar;J:\.m2\repository\commons-collections\commons-collections\3.2\commons-collections-3.2.jar;J:\.m2\repository\commons-validator\commons-validator\1.2.0\commons-validator-1.2.0.jar;J:\.m2\repository\commons-beanutils\commons-beanutils\1.7.0\commons-beanutils-1.7.0.jar;J:\.m2\repository\commons-digester\commons-digester\1.6\commons-digester-1.6.jar;J:\.m2\repository\commons-logging\commons-logging\1.0.4\commons-logging-1.0.4.jar;J:\.m2\repository\oro\oro\2.0.8\oro-2.0.8.jar;J:\.m2\repository\xml-apis\xml-apis\1.0.b2\xml-apis-1.0.b2.jar;J:\.m2\repository\org\jacoco\org.jacoco.agent\0.8.6\org.jacoco.agent-0.8.6-runtime.jar;J:\.m2\repository\org\jacoco\org.jacoco.core\0.8.6\org.jacoco.core-0.8.6.jar;J:\.m2\repository\org\ow2\asm\asm\8.0.1\asm-8.0.1.jar;J:\.m2\repository\org\ow2\asm\asm-commons\8.0.1\asm-commons-8.0.1.jar;J:\.m2\repository\org\ow2\asm\asm-analysis\8.0.1\asm-analysis-8.0.1.jar;J:\.m2\repository\org\ow2\asm\asm-tree\8.0.1\asm-tree-8.0.1.jar;J:\.m2\repository\org\jacoco\org.jacoco.report\0.8.6\org.jacoco.report-0.8.6.jar;"/>
    <property name="sun.cpu.endian" value="little"/>
    <property name="user.home" value="J:\"/>
    <property name="user.language" value="pl"/>
    <property name="java.specification.vendor" value="Oracle Corporation"/>
    <property name="java.version.date" value="2023-08-22"/>
    <property name="java.home" value="J:\.jdks\corretto-17.0.8.1"/>
    <property name="file.separator" value="\"/>
    <property name="basedir" value="J:\Desktop\testowanie"/>
    <property name="java.vm.compressedOopsMode" value="Zero based"/>
    <property name="line.separator" value="&#10;"/>
    <property name="java.vm.specification.vendor" value="Oracle Corporation"/>
    <property name="java.specification.name" value="Java Platform API Specification"/>
    <property name="surefire.real.class.path" value="C:\Users\s481879.LABS\AppData\Local\temp\14\surefire1297924291457112622\surefirebooter-20240627111458675_3.jar"/>
    <property name="user.script" value=""/>
    <property name="sun.management.compiler" value="HotSpot 64-Bit Tiered Compilers"/>
    <property name="java.runtime.version" value="17.0.8.1+8-LTS"/>
    <property name="user.name" value="s481879"/>
    <property name="path.separator" value=";"/>
    <property name="os.version" value="10.0"/>
    <property name="java.runtime.name" value="OpenJDK Runtime Environment"/>
    <property name="file.encoding" value="Cp1250"/>
    <property name="java.vm.name" value="OpenJDK 64-Bit Server VM"/>
    <property name="java.vendor.version" value="Corretto-17.0.8.8.1"/>
    <property name="localRepository" value="J:\.m2\repository"/>
    <property name="java.vendor.url.bug" value="https://github.com/corretto/corretto-17/issues/"/>
    <property name="java.io.tmpdir" value="C:\Users\S48187~1.LAB\AppData\Local\Temp\14\"/>
    <property name="idea.version" value="2023.2"/>
    <property name="java.version" value="17.0.8.1"/>
    <property name="user.dir" value="J:\Desktop\testowanie"/>
    <property name="os.arch" value="amd64"/>
    <property name="java.vm.specification.name" value="Java Virtual Machine Specification"/>
    <property name="sun.os.patch.level" value=""/>
    <property name="native.encoding" value="Cp1250"/>
    <property name="java.library.path" value="J:\.jdks\corretto-17.0.8.1\bin;C:\Windows\Sun\Java\bin;C:\Windows\system32;C:\Windows;c:\software\openssl\bin;c:\software\putty;c:\windows\bin\sysinternals;c:\windows\bin;C:\software\quarto\bin;c:\software\julia\bin;c:\software\GnuPG\bin;c:\software\imagemagick;c:\software\python3\Scripts;c:\software\python3;c:\software\mongodt\bin;c:\software\gnuplot\bin;c:\software\gs\bin;C:\Program Files\7-Zip;c:\software\ruby\bin;c:\software\haskell\lib\extralibs\bin;c:\software\haskell\bin;C:\Windows\system32;C:\Windows;C:\Windows\System32\Wbem;C:\Windows\System32\WindowsPowerShell\v1.0\;C:\Windows\System32\OpenSSH\;c:\software\jre\bin;c:\software\jdk\bin;C:\software\scala\bin;C:\Program Files\google\chrome\application;c:\software\thunderbird;c:\software\gsview\gsview;c:\software\maven\bin;c:\software\orca;c:\Program Files\dotnet\;c:\Program Files\Microsoft SQL Server\Client SDK\ODBC\170\Tools\Binn\;c:\software\gp;c:\software\gpg\bin;c:\software\vim;c:\software\qt\5.15.2\mingw81_64\bin;;C:\Program Files\Common Files\Datawatch\Drivers\7.1.5\jre\bin;C:\Program Files\Common Files\Datawatch\Drivers\7.1.5\jre\bin\server;c:\software\opencv\bin;C:\Program Files\Microsoft SQL Server\130\DTS\Binn\;C:\Program Files (x86)\Microsoft SQL Server\130\Tools\Binn\;C:\Program Files\Microsoft SQL Server\130\Tools\Binn\;C:\Program Files (x86)\Microsoft SQL Server\150\DTS\Binn\;C:\Program Files\Azure Data Studio\bin;C:\Program Files (x86)\Microsoft SQL Server\110\DTS\Binn\;C:\Program Files (x86)\Microsoft SQL Server\120\DTS\Binn\;C:\Program Files (x86)\Microsoft SQL Server\130\DTS\Binn\;C:\Program Files (x86)\Microsoft SQL Server\140\DTS\Binn\;c:\software\firefox;C:\Program Files (x86)\dotnet\;c:\software\latex\bin\windows;c:\software\cmake\bin;c:\software\ant\bin;c:\software\gradle\bin;c:\software\pgadmin4\runtime;c:\software\emacs\bin;C:\software\mongosh\;C:\Program Files\Amazon\AWSCLIV2\;C:\Program Files\TortoiseGit\bin;C:\Program Files\Microsoft SQL Server\Client SDK\ODBC\130\Tools\Binn\;c:\software\msys\usr\bin;c:\software\msys\mingw64\bin;c:\software\adobe\reader\reader;C:\Program Files\ESET\ESET Security\;C:\Program Files\PowerShell\7\;c:\software\notepad++;c:\software\git\cmd;c:\software\php;C:\software\nodejs\;;j:\.AppData\Python\Python310\Scripts;."/>
    <property name="java.vm.info" value="mixed mode, sharing"/>
    <property name="java.vendor" value="Amazon.com Inc."/>
    <property name="java.vm.version" value="17.0.8.1+8-LTS"/>
    <property name="sun.io.unicode.encoding" value="UnicodeLittle"/>
    <property name="java.class.version" value="61.0"/>
  </properties>
  <testcase name="powerTwoNumbersTest" classname="calculator.CalculatorTest" time="0.008"/>
  <testcase name="convertCelsiusToFarenheitTest" classname="calculator.CalculatorTest" time="0"/>
  <testcase name="CalculateSquareAreaTest" classname="calculator.CalculatorTest" time="0"/>
  <testcase name="sqrtTest" classname="calculator.CalculatorTest" time="0"/>
  <testcase name="convertFarenheitToCelsiusTest" classname="calculator.CalculatorTest" time="0"/>
  <testcase name="CalculateSquareCircTest" classname="calculator.CalculatorTest" time="0"/>
  <testcase name="isPrimeTest" classname="calculator.CalculatorTest" time="0"/>
  <testcase name="CalculateRectAreaTest" classname="calculator.CalculatorTest" time="0"/>
  <testcase name="fibbonacciTest" classname="calculator.CalculatorTest" time="0"/>
  <testcase name="CalculateRectCircTest" classname="calculator.CalculatorTest" time="0"/>
  <testcase name="findGCDTest" classname="calculator.CalculatorTest" time="0"/>
  <testcase name="findLCMTest" classname="calculator.CalculatorTest" time="0.001"/>
  <testcase name="factorialTest" classname="calculator.CalculatorTest" time="0"/>
  <testcase name="CalculateTriangleAreaTest" classname="calculator.CalculatorTest" time="0"/>
  <testcase name="CalculateTriangleCircTest" classname="calculator.CalculatorTest" time="0.001"/>
  <testcase name="convertFromMphToKphTest" classname="calculator.CalculatorTest" time="0"/>
</testsuite>